producer_class	xtools.gsea.Gsea
producer_timestamp	1574367721741
param	collapse	false
param	cls	/Users/joannakrupka/Dropbox (Cambridge University)/phd/ss08/DDX3X_paper/dxJungle/14_TuI/GSEA_TuI/Result/Pathway_Analysis/GSEA/Condition.phenotype.cls#MYC_versus_BCL2
param	plot_top_x	20
param	norm	meandiv
param	save_rnd_lists	false
param	median	false
param	num	100
param	scoring_scheme	weighted
param	make_sets	true
param	mode	Max_probe
param	gmx	/Users/joannakrupka/Downloads/h.all.v7.0.symbols.gmt.txt
param	gui	false
param	metric	Signal2Noise
param	rpt_label	TuI_MYCBCL2_H
param	help	false
param	order	descending
param	out	/Users/joannakrupka/Dropbox (Cambridge University)/phd/ss08/DDX3X_paper/dxJungle/14_TuI/GSEA_TuI
param	create_svgs	false
param	permute	gene_set
param	rnd_type	no_balance
param	set_min	15
param	include_only_symbols	true
param	sort	real
param	create_gcts	false
param	rnd_seed	timestamp
param	nperm	1000
param	zip_report	false
param	set_max	500
param	res	/Users/joannakrupka/Dropbox (Cambridge University)/phd/ss08/DDX3X_paper/dxJungle/14_TuI/GSEA_TuI/Result/Pathway_Analysis/GSEA/Condition.probe.gct

file	/Users/joannakrupka/Dropbox (Cambridge University)/phd/ss08/DDX3X_paper/dxJungle/14_TuI/GSEA_TuI/TuI_MYCBCL2_H.Gsea.1574367721741/index.html
