INFO [2021-03-08 15:41:07] $x
INFO [2021-03-08 15:41:07] list(U2932, Mutu)
INFO [2021-03-08 15:41:07] 
INFO [2021-03-08 15:41:07] $category.names
INFO [2021-03-08 15:41:07] c("U2932", "Mutu")
INFO [2021-03-08 15:41:07] 
INFO [2021-03-08 15:41:07] $filename
INFO [2021-03-08 15:41:07] [1] "plots/VennDiagram.png"
INFO [2021-03-08 15:41:07] 
INFO [2021-03-08 15:41:07] $output
INFO [2021-03-08 15:41:07] [1] TRUE
INFO [2021-03-08 15:41:07] 
INFO [2021-03-08 15:41:07] $imagetype
INFO [2021-03-08 15:41:07] [1] "png"
INFO [2021-03-08 15:41:07] 
INFO [2021-03-08 15:41:07] $height
INFO [2021-03-08 15:41:07] [1] 500
INFO [2021-03-08 15:41:07] 
INFO [2021-03-08 15:41:07] $width
INFO [2021-03-08 15:41:07] [1] 500
INFO [2021-03-08 15:41:07] 
INFO [2021-03-08 15:41:07] $resolution
INFO [2021-03-08 15:41:07] [1] 300
INFO [2021-03-08 15:41:07] 
INFO [2021-03-08 15:41:07] $compression
INFO [2021-03-08 15:41:07] [1] "lzw"
INFO [2021-03-08 15:41:07] 
INFO [2021-03-08 15:41:07] $lwd
INFO [2021-03-08 15:41:07] [1] 2
INFO [2021-03-08 15:41:07] 
INFO [2021-03-08 15:41:07] $lty
INFO [2021-03-08 15:41:07] [1] "blank"
INFO [2021-03-08 15:41:07] 
INFO [2021-03-08 15:41:07] $fill
INFO [2021-03-08 15:41:07] divergingPal[c(4, 9)]
INFO [2021-03-08 15:41:07] 
INFO [2021-03-08 15:41:07] $cex
INFO [2021-03-08 15:41:07] [1] 0.6
INFO [2021-03-08 15:41:07] 
INFO [2021-03-08 15:41:07] $fontface
INFO [2021-03-08 15:41:07] [1] "bold"
INFO [2021-03-08 15:41:07] 
INFO [2021-03-08 15:41:07] $fontfamily
INFO [2021-03-08 15:41:07] [1] "sans"
INFO [2021-03-08 15:41:07] 
INFO [2021-03-08 15:41:07] $cat.cex
INFO [2021-03-08 15:41:07] [1] 0.6
INFO [2021-03-08 15:41:07] 
INFO [2021-03-08 15:41:07] $cat.fontface
INFO [2021-03-08 15:41:07] [1] "bold"
INFO [2021-03-08 15:41:07] 
INFO [2021-03-08 15:41:07] $cat.fontfamily
INFO [2021-03-08 15:41:07] [1] "sans"
INFO [2021-03-08 15:41:07] 
INFO [2021-03-08 15:41:07] $cat.default.pos
INFO [2021-03-08 15:41:07] [1] "outer"
INFO [2021-03-08 15:41:07] 
